This is pdfTeX, Version 3.14159265-2.6-1.40.19 (MiKTeX 2.9.6730 64-bit) (preloaded format=pdflatex 2018.8.28)  2 NOV 2018 17:09
entering extended mode
**./main-ru.tex
(main-ru.tex
LaTeX2e <2018-04-01> patch level 5
(psta.cls
Document Class: psta 2018/09/08 09:38:13 Document class for PSTA journal and ot
her bilingual proceedings

("C:\Users\Sergei\AppData\Local\Programs\MiKTeX 2.9\tex\latex\amscls\amsproc.cl
s"
Document Class: amsproc 2017/10/31 v2.20.4
\linespacing=\dimen102
\normalparindent=\dimen103
\normaltopskip=\skip41

("C:\Users\Sergei\AppData\Local\Programs\MiKTeX 2.9\tex\latex\amsmath\amsmath.s
ty"
Package: amsmath 2017/09/02 v2.17a AMS math features
\@mathmargin=\skip42

For additional information on amsmath, use the `?' option.

("C:\Users\Sergei\AppData\Local\Programs\MiKTeX 2.9\tex\latex\amsmath\amstext.s
ty"
Package: amstext 2000/06/29 v2.01 AMS text

("C:\Users\Sergei\AppData\Local\Programs\MiKTeX 2.9\tex\latex\amsmath\amsgen.st
y"
File: amsgen.sty 1999/11/30 v2.0 generic functions
\@emptytoks=\toks14
\ex@=\dimen104
))
("C:\Users\Sergei\AppData\Local\Programs\MiKTeX 2.9\tex\latex\amsmath\amsbsy.st
y"
Package: amsbsy 1999/11/29 v1.2d Bold Symbols
\pmbraise@=\dimen105
)
("C:\Users\Sergei\AppData\Local\Programs\MiKTeX 2.9\tex\latex\amsmath\amsopn.st
y"
Package: amsopn 2016/03/08 v2.02 operator names
)
\inf@bad=\count80
LaTeX Info: Redefining \frac on input line 213.
\uproot@=\count81
\leftroot@=\count82
LaTeX Info: Redefining \overline on input line 375.
\classnum@=\count83
\DOTSCASE@=\count84
LaTeX Info: Redefining \ldots on input line 472.
LaTeX Info: Redefining \dots on input line 475.
LaTeX Info: Redefining \cdots on input line 596.
\Mathstrutbox@=\box26
\strutbox@=\box27
\big@size=\dimen106
LaTeX Font Info:    Redeclaring font encoding OML on input line 712.
LaTeX Font Info:    Redeclaring font encoding OMS on input line 713.
\macc@depth=\count85
\c@MaxMatrixCols=\count86
\dotsspace@=\muskip10
\c@parentequation=\count87
\dspbrk@lvl=\count88
\tag@help=\toks15
\row@=\count89
\column@=\count90
\maxfields@=\count91
\andhelp@=\toks16
\eqnshift@=\dimen107
\alignsep@=\dimen108
\tagshift@=\dimen109
\tagwidth@=\dimen110
\totwidth@=\dimen111
\lineht@=\dimen112
\@envbody=\toks17
\multlinegap=\skip43
\multlinetaggap=\skip44
\mathdisplay@stack=\toks18
LaTeX Info: Redefining \[ on input line 2817.
LaTeX Info: Redefining \] on input line 2818.
)
LaTeX Font Info:    Try loading font information for U+msa on input line 376.

("C:\Users\Sergei\AppData\Local\Programs\MiKTeX 2.9\tex\latex\amsfonts\umsa.fd"
File: umsa.fd 2013/01/14 v3.01 AMS symbols A
)
("C:\Users\Sergei\AppData\Local\Programs\MiKTeX 2.9\tex\latex\amsfonts\amsfonts
.sty"
Package: amsfonts 2013/01/14 v3.01 Basic AMSFonts support
\symAMSa=\mathgroup4
\symAMSb=\mathgroup5
LaTeX Font Info:    Overwriting math alphabet `\mathfrak' in version `bold'
(Font)                  U/euf/m/n --> U/euf/b/n on input line 106.
)
\copyins=\insert199
\abstractbox=\box28
\listisep=\skip45
\c@part=\count92
\c@section=\count93
\c@subsection=\count94
\c@subsubsection=\count95
\c@paragraph=\count96
\c@subparagraph=\count97
\c@figure=\count98
\c@table=\count99
\abovecaptionskip=\skip46
\belowcaptionskip=\skip47
\captionindent=\dimen113
\thm@style=\toks19
\thm@bodyfont=\toks20
\thm@headfont=\toks21
\thm@notefont=\toks22
\thm@headpunct=\toks23
\thm@preskip=\skip48
\thm@postskip=\skip49
\thm@headsep=\skip50
\dth@everypar=\toks24
)
("C:\Users\Sergei\AppData\Local\Programs\MiKTeX 2.9\tex\latex\base\fontenc.sty"
Package: fontenc 2017/04/05 v2.0i Standard LaTeX package
("C:\Users\Sergei\AppData\Local\Programs\MiKTeX 2.9\tex\latex\base\t1enc.def"
File: t1enc.def 2017/04/05 v2.0i Standard LaTeX file
LaTeX Font Info:    Redeclaring font encoding T1 on input line 48.
)
("C:\Users\Sergei\AppData\Local\Programs\MiKTeX 2.9\tex\latex\cyrillic\t2aenc.d
ef"
File: t2aenc.def 2005/09/27 v1.0i Cyrillic encoding definition file
Now handling font encoding T2A ...
... processing UTF-8 mapping file for font encoding T2A

("C:\Users\Sergei\AppData\Local\Programs\MiKTeX 2.9\tex\latex\base\t2aenc.dfu"
File: t2aenc.dfu 2018/04/05 v1.2c UTF-8 support for inputenc
   defining Unicode char U+00A4 (decimal 164)
   defining Unicode char U+00A7 (decimal 167)
   defining Unicode char U+00AB (decimal 171)
   defining Unicode char U+00BB (decimal 187)
   defining Unicode char U+0131 (decimal 305)
   defining Unicode char U+0400 (decimal 1024)
   defining Unicode char U+0401 (decimal 1025)
   defining Unicode char U+0402 (decimal 1026)
   defining Unicode char U+0403 (decimal 1027)
   defining Unicode char U+0404 (decimal 1028)
   defining Unicode char U+0405 (decimal 1029)
   defining Unicode char U+0406 (decimal 1030)
   defining Unicode char U+0407 (decimal 1031)
   defining Unicode char U+0408 (decimal 1032)
   defining Unicode char U+0409 (decimal 1033)
   defining Unicode char U+040A (decimal 1034)
   defining Unicode char U+040B (decimal 1035)
   defining Unicode char U+040C (decimal 1036)
   defining Unicode char U+040D (decimal 1037)
   defining Unicode char U+040E (decimal 1038)
   defining Unicode char U+040F (decimal 1039)
   defining Unicode char U+0410 (decimal 1040)
   defining Unicode char U+0411 (decimal 1041)
   defining Unicode char U+0412 (decimal 1042)
   defining Unicode char U+0413 (decimal 1043)
   defining Unicode char U+0414 (decimal 1044)
   defining Unicode char U+0415 (decimal 1045)
   defining Unicode char U+0416 (decimal 1046)
   defining Unicode char U+0417 (decimal 1047)
   defining Unicode char U+0418 (decimal 1048)
   defining Unicode char U+0419 (decimal 1049)
   defining Unicode char U+041A (decimal 1050)
   defining Unicode char U+041B (decimal 1051)
   defining Unicode char U+041C (decimal 1052)
   defining Unicode char U+041D (decimal 1053)
   defining Unicode char U+041E (decimal 1054)
   defining Unicode char U+041F (decimal 1055)
   defining Unicode char U+0420 (decimal 1056)
   defining Unicode char U+0421 (decimal 1057)
   defining Unicode char U+0422 (decimal 1058)
   defining Unicode char U+0423 (decimal 1059)
   defining Unicode char U+0424 (decimal 1060)
   defining Unicode char U+0425 (decimal 1061)
   defining Unicode char U+0426 (decimal 1062)
   defining Unicode char U+0427 (decimal 1063)
   defining Unicode char U+0428 (decimal 1064)
   defining Unicode char U+0429 (decimal 1065)
   defining Unicode char U+042A (decimal 1066)
   defining Unicode char U+042B (decimal 1067)
   defining Unicode char U+042C (decimal 1068)
   defining Unicode char U+042D (decimal 1069)
   defining Unicode char U+042E (decimal 1070)
   defining Unicode char U+042F (decimal 1071)
   defining Unicode char U+0430 (decimal 1072)
   defining Unicode char U+0431 (decimal 1073)
   defining Unicode char U+0432 (decimal 1074)
   defining Unicode char U+0433 (decimal 1075)
   defining Unicode char U+0434 (decimal 1076)
   defining Unicode char U+0435 (decimal 1077)
   defining Unicode char U+0436 (decimal 1078)
   defining Unicode char U+0437 (decimal 1079)
   defining Unicode char U+0438 (decimal 1080)
   defining Unicode char U+0439 (decimal 1081)
   defining Unicode char U+043A (decimal 1082)
   defining Unicode char U+043B (decimal 1083)
   defining Unicode char U+043C (decimal 1084)
   defining Unicode char U+043D (decimal 1085)
   defining Unicode char U+043E (decimal 1086)
   defining Unicode char U+043F (decimal 1087)
   defining Unicode char U+0440 (decimal 1088)
   defining Unicode char U+0441 (decimal 1089)
   defining Unicode char U+0442 (decimal 1090)
   defining Unicode char U+0443 (decimal 1091)
   defining Unicode char U+0444 (decimal 1092)
   defining Unicode char U+0445 (decimal 1093)
   defining Unicode char U+0446 (decimal 1094)
   defining Unicode char U+0447 (decimal 1095)
   defining Unicode char U+0448 (decimal 1096)
   defining Unicode char U+0449 (decimal 1097)
   defining Unicode char U+044A (decimal 1098)
   defining Unicode char U+044B (decimal 1099)
   defining Unicode char U+044C (decimal 1100)
   defining Unicode char U+044D (decimal 1101)
   defining Unicode char U+044E (decimal 1102)
   defining Unicode char U+044F (decimal 1103)
   defining Unicode char U+0450 (decimal 1104)
   defining Unicode char U+0451 (decimal 1105)
   defining Unicode char U+0452 (decimal 1106)
   defining Unicode char U+0453 (decimal 1107)
   defining Unicode char U+0454 (decimal 1108)
   defining Unicode char U+0455 (decimal 1109)
   defining Unicode char U+0456 (decimal 1110)
   defining Unicode char U+0457 (decimal 1111)
   defining Unicode char U+0458 (decimal 1112)
   defining Unicode char U+0459 (decimal 1113)
   defining Unicode char U+045A (decimal 1114)
   defining Unicode char U+045B (decimal 1115)
   defining Unicode char U+045C (decimal 1116)
   defining Unicode char U+045D (decimal 1117)
   defining Unicode char U+045E (decimal 1118)
   defining Unicode char U+045F (decimal 1119)
   defining Unicode char U+0490 (decimal 1168)
   defining Unicode char U+0491 (decimal 1169)
   defining Unicode char U+0492 (decimal 1170)
   defining Unicode char U+0493 (decimal 1171)
   defining Unicode char U+0496 (decimal 1174)
   defining Unicode char U+0497 (decimal 1175)
   defining Unicode char U+0498 (decimal 1176)
   defining Unicode char U+0499 (decimal 1177)
   defining Unicode char U+049A (decimal 1178)
   defining Unicode char U+049B (decimal 1179)
   defining Unicode char U+049C (decimal 1180)
   defining Unicode char U+049D (decimal 1181)
   defining Unicode char U+04A0 (decimal 1184)
   defining Unicode char U+04A1 (decimal 1185)
   defining Unicode char U+04A2 (decimal 1186)
   defining Unicode char U+04A3 (decimal 1187)
   defining Unicode char U+04A4 (decimal 1188)
   defining Unicode char U+04A5 (decimal 1189)
   defining Unicode char U+04AA (decimal 1194)
   defining Unicode char U+04AB (decimal 1195)
   defining Unicode char U+04AE (decimal 1198)
   defining Unicode char U+04AF (decimal 1199)
   defining Unicode char U+04B0 (decimal 1200)
   defining Unicode char U+04B1 (decimal 1201)
   defining Unicode char U+04B2 (decimal 1202)
   defining Unicode char U+04B3 (decimal 1203)
   defining Unicode char U+04B6 (decimal 1206)
   defining Unicode char U+04B7 (decimal 1207)
   defining Unicode char U+04B8 (decimal 1208)
   defining Unicode char U+04B9 (decimal 1209)
   defining Unicode char U+04BA (decimal 1210)
   defining Unicode char U+04BB (decimal 1211)
   defining Unicode char U+04C0 (decimal 1216)
   defining Unicode char U+04C1 (decimal 1217)
   defining Unicode char U+04C2 (decimal 1218)
   defining Unicode char U+04D0 (decimal 1232)
   defining Unicode char U+04D1 (decimal 1233)
   defining Unicode char U+04D2 (decimal 1234)
   defining Unicode char U+04D3 (decimal 1235)
   defining Unicode char U+04D4 (decimal 1236)
   defining Unicode char U+04D5 (decimal 1237)
   defining Unicode char U+04D6 (decimal 1238)
   defining Unicode char U+04D7 (decimal 1239)
   defining Unicode char U+04D8 (decimal 1240)
   defining Unicode char U+04D9 (decimal 1241)
   defining Unicode char U+04DA (decimal 1242)
   defining Unicode char U+04DB (decimal 1243)
   defining Unicode char U+04DC (decimal 1244)
   defining Unicode char U+04DD (decimal 1245)
   defining Unicode char U+04DE (decimal 1246)
   defining Unicode char U+04DF (decimal 1247)
   defining Unicode char U+04E2 (decimal 1250)
   defining Unicode char U+04E3 (decimal 1251)
   defining Unicode char U+04E4 (decimal 1252)
   defining Unicode char U+04E5 (decimal 1253)
   defining Unicode char U+04E6 (decimal 1254)
   defining Unicode char U+04E7 (decimal 1255)
   defining Unicode char U+04E8 (decimal 1256)
   defining Unicode char U+04E9 (decimal 1257)
   defining Unicode char U+04EC (decimal 1260)
   defining Unicode char U+04ED (decimal 1261)
   defining Unicode char U+04EE (decimal 1262)
   defining Unicode char U+04EF (decimal 1263)
   defining Unicode char U+04F0 (decimal 1264)
   defining Unicode char U+04F1 (decimal 1265)
   defining Unicode char U+04F2 (decimal 1266)
   defining Unicode char U+04F3 (decimal 1267)
   defining Unicode char U+04F4 (decimal 1268)
   defining Unicode char U+04F5 (decimal 1269)
   defining Unicode char U+04F8 (decimal 1272)
   defining Unicode char U+04F9 (decimal 1273)
   defining Unicode char U+200C (decimal 8204)
   defining Unicode char U+2013 (decimal 8211)
   defining Unicode char U+2014 (decimal 8212)
   defining Unicode char U+2018 (decimal 8216)
   defining Unicode char U+2019 (decimal 8217)
   defining Unicode char U+201C (decimal 8220)
   defining Unicode char U+201D (decimal 8221)
   defining Unicode char U+201E (decimal 8222)
   defining Unicode char U+2030 (decimal 8240)
   defining Unicode char U+2031 (decimal 8241)
   defining Unicode char U+2116 (decimal 8470)
   defining Unicode char U+2329 (decimal 9001)
   defining Unicode char U+232A (decimal 9002)
   defining Unicode char U+2423 (decimal 9251)
))
LaTeX Font Info:    Try loading font information for T2A+cmr on input line 105.


("C:\Users\Sergei\AppData\Local\Programs\MiKTeX 2.9\tex\latex\cyrillic\t2acmr.f
d"
File: t2acmr.fd 2001/08/11 v1.0a Computer Modern Cyrillic font definitions
)) ("C:\Users\Sergei\AppData\Local\Programs\MiKTeX 2.9\tex\latex\url\url.sty"
\Urlmuskip=\muskip11
Package: url 2013/09/16  ver 3.4  Verb mode for urls, etc.
)
("C:\Users\Sergei\AppData\Local\Programs\MiKTeX 2.9\tex\latex\etoolbox\etoolbox
.sty"
Package: etoolbox 2018/08/19 v2.5f e-TeX tools for LaTeX (JAW)
\etb@tempcnta=\count100
)
("C:\Users\Sergei\AppData\Local\Programs\MiKTeX 2.9\tex\latex\floatrow\floatrow
.sty"
Package: floatrow 2008/08/02 v0.3b floatrow: float package extension

("C:\Users\Sergei\AppData\Local\Programs\MiKTeX 2.9\tex\latex\graphics\keyval.s
ty"
Package: keyval 2014/10/28 v1.15 key=value parser (DPC)
\KV@toks@=\toks25
)
("C:\Users\Sergei\AppData\Local\Programs\MiKTeX 2.9\tex\latex\caption\caption3.
sty"
Package: caption3 2018/05/27 v1.8a caption3 kernel (AR)
Package caption3 Info: TeX engine: e-TeX on input line 64.
\captionmargin=\dimen114
\captionmargin@=\dimen115
\captionwidth=\dimen116
\caption@tempdima=\dimen117
\caption@indent=\dimen118
\caption@parindent=\dimen119
\caption@hangindent=\dimen120
)
\c@float@type=\count101
\float@exts=\toks26
\float@box=\box29
\@floatcapt=\box30
Package floatrow Info: Modified float package code loaded on input line 455.
Package floatrow Info: Modified rotfloat package code loaded on input line 473.

\FR@everyfloat=\toks27
\flrow@foot=\insert198
\FB@wd=\dimen121
\FBo@wd=\dimen122
\FBc@wd=\dimen123
\FBo@ht=\skip51
\FBc@ht=\skip52
\FBf@ht=\skip53
\FBo@max=\skip54
\FBc@max=\skip55
\FBf@max=\skip56
\c@FBl@b=\count102
\floatbox@depth=\count103
\c@FRobj=\count104
\c@FRsobj=\count105
\Xhsize=\skip57
\sXhsize=\skip58
\Zhsize=\skip59
\sZhsize=\skip60
\flrow@rowbox=\box31
\FR@Zunitlength=\dimen124
\c@FBcnt=\count106
\FPOScnt=\count107
\LTleft=\skip61
\LTright=\skip62
\LTleft=\skip63
\LTright=\skip64
\flrow@types=\toks28
) ("C:\Users\Sergei\AppData\Local\Programs\MiKTeX 2.9\tex\latex\ted\ted.sty"
Package: ted 2008/03/07 v1.06  a token list editor  (mpg)
\ted@toks=\toks29
\ted@count=\count108
)
("C:\Users\Sergei\AppData\Local\Programs\MiKTeX 2.9\tex\latex\hyperref\hyperref
.sty"
Package: hyperref 2018/02/06 v6.86b Hypertext links for LaTeX

("C:\Users\Sergei\AppData\Local\Programs\MiKTeX 2.9\tex\generic\oberdiek\hobsub
-hyperref.sty"
Package: hobsub-hyperref 2016/05/16 v1.14 Bundle oberdiek, subset hyperref (HO)


("C:\Users\Sergei\AppData\Local\Programs\MiKTeX 2.9\tex\generic\oberdiek\hobsub
-generic.sty"
Package: hobsub-generic 2016/05/16 v1.14 Bundle oberdiek, subset generic (HO)
Package: hobsub 2016/05/16 v1.14 Construct package bundles (HO)
Package: infwarerr 2016/05/16 v1.4 Providing info/warning/error messages (HO)
Package: ltxcmds 2016/05/16 v1.23 LaTeX kernel commands for general use (HO)
Package: ifluatex 2016/05/16 v1.4 Provides the ifluatex switch (HO)
Package ifluatex Info: LuaTeX not detected.
Package: ifvtex 2016/05/16 v1.6 Detect VTeX and its facilities (HO)
Package ifvtex Info: VTeX not detected.
Package: intcalc 2016/05/16 v1.2 Expandable calculations with integers (HO)
Package: ifpdf 2017/03/15 v3.2 Provides the ifpdf switch
Package: etexcmds 2016/05/16 v1.6 Avoid name clashes with e-TeX commands (HO)
Package etexcmds Info: Could not find \expanded.
(etexcmds)             That can mean that you are not using pdfTeX 1.50 or
(etexcmds)             that some package has redefined \expanded.
(etexcmds)             In the latter case, load this package earlier.
Package: kvsetkeys 2016/05/16 v1.17 Key value parser (HO)
Package: kvdefinekeys 2016/05/16 v1.4 Define keys (HO)
Package: pdftexcmds 2018/01/30 v0.27 Utility functions of pdfTeX for LuaTeX (HO
)
Package pdftexcmds Info: LuaTeX not detected.
Package pdftexcmds Info: \pdf@primitive is available.
Package pdftexcmds Info: \pdf@ifprimitive is available.
Package pdftexcmds Info: \pdfdraftmode found.
Package: pdfescape 2016/05/16 v1.14 Implements pdfTeX's escape features (HO)
Package: bigintcalc 2016/05/16 v1.4 Expandable calculations on big integers (HO
)
Package: bitset 2016/05/16 v1.2 Handle bit-vector datatype (HO)
Package: uniquecounter 2016/05/16 v1.3 Provide unlimited unique counter (HO)
)
Package hobsub Info: Skipping package `hobsub' (already loaded).
Package: letltxmacro 2016/05/16 v1.5 Let assignment for LaTeX macros (HO)
Package: hopatch 2016/05/16 v1.3 Wrapper for package hooks (HO)
Package: xcolor-patch 2016/05/16 xcolor patch
Package: atveryend 2016/05/16 v1.9 Hooks at the very end of document (HO)
Package: atbegshi 2016/06/09 v1.18 At begin shipout hook (HO)
Package: refcount 2016/05/16 v3.5 Data extraction from label references (HO)
Package: hycolor 2016/05/16 v1.8 Color options for hyperref/bookmark (HO)
)
("C:\Users\Sergei\AppData\Local\Programs\MiKTeX 2.9\tex\generic\ifxetex\ifxetex
.sty"
Package: ifxetex 2010/09/12 v0.6 Provides ifxetex conditional
)
("C:\Users\Sergei\AppData\Local\Programs\MiKTeX 2.9\tex\latex\oberdiek\auxhook.
sty"
Package: auxhook 2016/05/16 v1.4 Hooks for auxiliary files (HO)
)
("C:\Users\Sergei\AppData\Local\Programs\MiKTeX 2.9\tex\latex\oberdiek\kvoption
s.sty"
Package: kvoptions 2016/05/16 v3.12 Key value format for package options (HO)
)
\@linkdim=\dimen125
\Hy@linkcounter=\count109
\Hy@pagecounter=\count110

("C:\Users\Sergei\AppData\Local\Programs\MiKTeX 2.9\tex\latex\hyperref\pd1enc.d
ef"
File: pd1enc.def 2018/02/06 v6.86b Hyperref: PDFDocEncoding definition (HO)
Now handling font encoding PD1 ...
... no UTF-8 mapping file for font encoding PD1
)
\Hy@SavedSpaceFactor=\count111

("C:\Users\Sergei\AppData\Local\Programs\MiKTeX 2.9\tex\latex\00miktex\hyperref
.cfg"
File: hyperref.cfg 2002/06/06 v1.2 hyperref configuration of TeXLive
)
Package hyperref Info: Option `colorlinks' set `true' on input line 4383.
Package hyperref Info: Option `bookmarksopen' set `true' on input line 4383.
Package hyperref Info: Option `unicode' set `true' on input line 4383.

("C:\Users\Sergei\AppData\Local\Programs\MiKTeX 2.9\tex\latex\hyperref\puenc.de
f"
File: puenc.def 2018/02/06 v6.86b Hyperref: PDF Unicode definition (HO)
Now handling font encoding PU ...
... no UTF-8 mapping file for font encoding PU
)
Package hyperref Info: Hyper figures OFF on input line 4509.
Package hyperref Info: Link nesting OFF on input line 4514.
Package hyperref Info: Hyper index ON on input line 4517.
Package hyperref Info: Plain pages OFF on input line 4524.
Package hyperref Info: Backreferencing ON on input line 4527.
Package hyperref Info: Implicit mode ON; LaTeX internals redefined.
Package hyperref Info: Bookmarks ON on input line 4762.

("C:\Users\Sergei\AppData\Local\Programs\MiKTeX 2.9\tex\latex\hyperref\backref.
sty"
Package: backref 2016/05/21 v1.39 Bibliographical back referencing

("C:\Users\Sergei\AppData\Local\Programs\MiKTeX 2.9\tex\latex\oberdiek\rerunfil
echeck.sty"
Package: rerunfilecheck 2016/05/16 v1.8 Rerun checks for auxiliary files (HO)
Package uniquecounter Info: New unique counter `rerunfilecheck' on input line 2
82.
))
\c@Hy@tempcnt=\count112
LaTeX Info: Redefining \url on input line 5115.
\XeTeXLinkMargin=\dimen126
\Fld@menulength=\count113
\Field@Width=\dimen127
\Fld@charsize=\dimen128
Package hyperref Info: Hyper figures OFF on input line 6369.
Package hyperref Info: Link nesting OFF on input line 6374.
Package hyperref Info: Hyper index ON on input line 6377.
Package hyperref Info: backreferencing ON on input line 6382.
Package hyperref Info: Link coloring ON on input line 6387.
Package hyperref Info: Link coloring with OCG OFF on input line 6394.
Package hyperref Info: PDF/A mode OFF on input line 6399.
LaTeX Info: Redefining \ref on input line 6439.
LaTeX Info: Redefining \pageref on input line 6443.
\Hy@abspage=\count114
\c@Item=\count115
\c@Hfootnote=\count116
)
Package hyperref Info: Driver (autodetected): hpdftex.

("C:\Users\Sergei\AppData\Local\Programs\MiKTeX 2.9\tex\latex\hyperref\hpdftex.
def"
File: hpdftex.def 2018/02/06 v6.86b Hyperref driver for pdfTeX
\Fld@listcount=\count117
\c@bookmark@seq@number=\count118
\Hy@SectionHShift=\skip65
)
("C:\Users\Sergei\AppData\Local\Programs\MiKTeX 2.9\tex\latex\base\inputenc.sty
"
Package: inputenc 2018/04/06 v1.3b Input encoding file
\inpenc@prehook=\toks30
\inpenc@posthook=\toks31
)
("C:\Users\Sergei\AppData\Local\Programs\MiKTeX 2.9\tex\generic\babel\babel.sty
"
Package: babel 2018/06/05 3.22 The Babel package

("C:\Users\Sergei\AppData\Local\Programs\MiKTeX 2.9\tex\generic\babel\switch.de
f"
File: switch.def 2018/06/05 3.22 Babel switching mechanism
)
*************************************
* Local config file bblopts.cfg used
*
("C:\Users\Sergei\AppData\Local\Programs\MiKTeX 2.9\tex\latex\arabi\bblopts.cfg
"
File: bblopts.cfg 2005/09/08 v0.1 add Arabic and Farsi to "declared" options of
 babel
)
("C:\Users\Sergei\AppData\Local\Programs\MiKTeX 2.9\tex\latex\babel-english\eng
lish.ldf"
Language: english 2017/06/06 v3.3r English support from the babel system

("C:\Users\Sergei\AppData\Local\Programs\MiKTeX 2.9\tex\generic\babel\babel.def
"
File: babel.def 2018/06/05 3.22 Babel common definitions
\babel@savecnt=\count119
\U@D=\dimen129

("C:\Users\Sergei\AppData\Local\Programs\MiKTeX 2.9\tex\generic\babel\txtbabel.
def")
\bbl@dirlevel=\count120
)
\l@canadian = a dialect from \language\l@american 
\l@australian = a dialect from \language\l@british 
\l@newzealand = a dialect from \language\l@british 
)
("C:\Users\Sergei\AppData\Local\Programs\MiKTeX 2.9\tex\latex\babel-russian\rus
sianb.ldf"
Language: russian 2017/08/12 1.3j Russian support for the Babel system
Package babel Info: Making " an active character on input line 120.
Package babel Info: Default for \cyrdash is provided on input line 157.
)) (psta-utf8.sty)
("C:\Users\Sergei\AppData\Local\Programs\MiKTeX 2.9\tex\latex\graphics\color.st
y"
Package: color 2016/07/10 v1.1e Standard LaTeX Color (DPC)

("C:\Users\Sergei\AppData\Local\Programs\MiKTeX 2.9\tex\latex\graphics-cfg\colo
r.cfg"
File: color.cfg 2016/01/02 v1.6 sample color configuration
)
Package color Info: Driver file: pdftex.def on input line 147.

("C:\Users\Sergei\AppData\Local\Programs\MiKTeX 2.9\tex\latex\graphics-def\pdft
ex.def"
File: pdftex.def 2018/01/08 v1.0l Graphics/color driver for pdftex
))
("C:\Users\Sergei\AppData\Local\Programs\MiKTeX 2.9\tex\latex\textcase\textcase
.sty"
Package: textcase 2004/10/07 v0.07 Text only upper/lower case changing (DPC)
)
("C:\Users\Sergei\AppData\Local\Programs\MiKTeX 2.9\tex\latex\cite\cite.sty"
LaTeX Info: Redefining \cite on input line 302.
LaTeX Info: Redefining \nocite on input line 332.
Package: cite 2015/02/27  v 5.5
)
("C:\Users\Sergei\AppData\Local\Programs\MiKTeX 2.9\tex\latex\amsrefs\amsrefs.s
ty"
Package: amsrefs 2013/03/07 v2.14

("C:\Users\Sergei\AppData\Local\Programs\MiKTeX 2.9\tex\latex\amsrefs\pcatcode.
sty"
Package: pcatcode 2002/04/16 v1.04
)
("C:\Users\Sergei\AppData\Local\Programs\MiKTeX 2.9\tex\latex\amsrefs\ifoption.
sty"
Package: ifoption 2002/03/04 v1.02
)
("C:\Users\Sergei\AppData\Local\Programs\MiKTeX 2.9\tex\latex\amsrefs\rkeyval.s
ty"
Package: rkeyval 2004/05/05 v1.08
\@temptokenb=\toks32
\rsk@toks=\toks33
)
("C:\Users\Sergei\AppData\Local\Programs\MiKTeX 2.9\tex\latex\amsrefs\textcmds.
sty"
Package: textcmds 2012/08/02 v2.00
)
("C:\Users\Sergei\AppData\Local\Programs\MiKTeX 2.9\tex\latex\amsrefs\mathscine
t.sty"
Package: mathscinet 2002/04/17 v1.05
)
\c@bib=\count121
\@maxlabelwidth=\dimen130
\c@bib@env=\count122
\bib@dbfile=\read1
\alpha@suffix=\count123
\series@index=\count124
)
\psta@v@point=\skip66
\hugerskipamount=\skip67
\hugeskipamount=\skip68
\smallerskipamount=\skip69
\biggerskipamount=\skip70

("C:\Users\Sergei\AppData\Local\Programs\MiKTeX 2.9\tex\latex\enumitem\enumitem
.sty"
Package: enumitem 2011/09/28 v3.5.2 Customized lists
\labelindent=\skip71
\enit@outerparindent=\dimen131
\enit@toks=\toks34
\enit@inbox=\box32
\enitdp@description=\count125
)
\pstabulletbox=\box33
LaTeX Font Info:    Try loading font information for U+msa on input line 323.

("C:\Users\Sergei\AppData\Local\Programs\MiKTeX 2.9\tex\latex\amsfonts\umsa.fd"
File: umsa.fd 2013/01/14 v3.01 AMS symbols A
)
LaTeX Font Info:    Try loading font information for U+msb on input line 323.
 ("C:\Users\Sergei\AppData\Local\Programs\MiKTeX 2.9\tex\latex\amsfonts\umsb.fd
"
File: umsb.fd 2013/01/14 v3.01 AMS symbols B
)
("C:\Users\Sergei\AppData\Local\Programs\MiKTeX 2.9\tex\latex\amsfonts\amssymb.
sty"
Package: amssymb 2013/01/14 v3.01 AMS font symbols
)
("C:\Users\Sergei\AppData\Local\Programs\MiKTeX 2.9\tex\latex\amsmath\amscd.sty
"
Package: amscd 2017/04/14 v2.1 AMS Commutative Diagrams
\athelp@=\toks35
\minaw@=\dimen132
\bigaw@=\dimen133
\minCDarrowwidth=\dimen134
)
("C:\Users\Sergei\AppData\Local\Programs\MiKTeX 2.9\tex\latex\amsfonts\euscript
.sty"
Package: euscript 2009/06/22 v3.00 Euler Script fonts
LaTeX Font Info:    Overwriting math alphabet `\EuScript' in version `bold'
(Font)                  U/eus/m/n --> U/eus/b/n on input line 33.
)
("C:\Users\Sergei\AppData\Local\Programs\MiKTeX 2.9\tex\latex\hyperref\nameref.
sty"
Package: nameref 2016/05/21 v2.44 Cross-referencing by name of section

("C:\Users\Sergei\AppData\Local\Programs\MiKTeX 2.9\tex\generic\oberdiek\gettit
lestring.sty"
Package: gettitlestring 2016/05/16 v1.5 Cleanup title references (HO)
)
\c@section@level=\count126
)
("C:\Users\Sergei\AppData\Local\Programs\MiKTeX 2.9\tex\latex\graphics\graphics
.sty"
Package: graphics 2017/06/25 v1.2c Standard LaTeX Graphics (DPC,SPQR)

("C:\Users\Sergei\AppData\Local\Programs\MiKTeX 2.9\tex\latex\graphics\trig.sty
"
Package: trig 2016/01/03 v1.10 sin cos tan (DPC)
)
("C:\Users\Sergei\AppData\Local\Programs\MiKTeX 2.9\tex\latex\graphics-cfg\grap
hics.cfg"
File: graphics.cfg 2016/06/04 v1.11 sample graphics configuration
)
Package graphics Info: Driver file: pdftex.def on input line 99.
)
("C:\Users\Sergei\AppData\Local\Programs\MiKTeX 2.9\tex\latex\graphics\lscape.s
ty"
Package: lscape 2000/10/22 v3.01 Landscape Pages (DPC)
)
("C:\Users\Sergei\AppData\Local\Programs\MiKTeX 2.9\tex\latex\amscls\upref.sty"
Package: upref 2007/03/14 v2.04
)
("C:\Users\Sergei\AppData\Local\Programs\MiKTeX 2.9\tex\latex\graphics\rotating
.sty"
Package: rotating 2016/08/11 v2.16d rotated objects in LaTeX

("C:\Users\Sergei\AppData\Local\Programs\MiKTeX 2.9\tex\latex\graphics\graphicx
.sty"
Package: graphicx 2017/06/01 v1.1a Enhanced LaTeX Graphics (DPC,SPQR)
\Gin@req@height=\dimen135
\Gin@req@width=\dimen136
)
("C:\Users\Sergei\AppData\Local\Programs\MiKTeX 2.9\tex\latex\base\ifthen.sty"
Package: ifthen 2014/09/29 v1.1c Standard LaTeX ifthen package (DPC)
)
\c@r@tfl@t=\count127
\rotFPtop=\skip72
\rotFPbot=\skip73
\rot@float@box=\box34
\rot@mess@toks=\toks36
) ("C:\Users\Sergei\AppData\Local\Programs\MiKTeX 2.9\tex\latex\tools\array.sty
"
Package: array 2018/04/30 v2.4h Tabular extension package (FMi)
\col@sep=\dimen137
\ar@mcellbox=\box35
\extrarowheight=\dimen138
\NC@list=\toks37
\extratabsurround=\skip74
\backup@length=\skip75
\ar@cellbox=\box36
)
("C:\Users\Sergei\AppData\Local\Programs\MiKTeX 2.9\tex\latex\ncctools\extdash.
sty"
Package: extdash 2018/06/24 v1.3 Extended Dash Package (NCC)
)
\c@pstadata=\count128
Resume On
\listisep=\skip76
\c@aux@counter=\count129
\holdoverbox=\box37
\translbox@AB@=\box38
\currentbiblink=\count130
\biblinkbox@AB@=\box39
\bookinfobox@AB@=\box40
\bookbox@AB@=\box41
\bookvolbox@AB@=\box42
\bybox@AB@=\box43
\byybox@AB@=\box44
\editionbox@AB@=\box45
\edbox@AB@=\box46
\edsbox@AB@=\box47
\finalbookinfobox@AB@=\box48
\@@finalinfobox@AB@=\box49
\finalinfobox@AB@=\box50
\issueinfobox@AB@=\box51
\issuebox@AB@=\box52
\jourbox@AB@=\box53
\langbox@AB@=\box54
\misc@box@AB@=\box55
\miscnotebox@AB@=\box56
\monthissuebox@AB@=\box57
\pagesbox@AB@=\box58
\paperinfobox@AB@=\box59
\paperbox@AB@=\box60
\paperidbox@AB@=\box61
\procinfobox@AB@=\box62
\procbox@AB@=\box63
\publaddrbox@AB@=\box64
\publaddrrbox@AB@=\box65
\publaddrrrbox@AB@=\box66
\publllbox@AB@=\box67
\publlbox@AB@=\box68
\publbox@AB@=\box69
\serialbox@AB@=\box70
\serissuebox@AB@=\box71
\sortdatebox@=\box72
\totalpagesbox@AB@=\box73
\volinfobox@AB@=\box74
\volbox@AB@=\box75
\voltitlebox@AB@=\box76
\withbox@AB@=\box77
\yrbox@AB@=\box78
)
("C:\Users\Sergei\AppData\Local\Programs\MiKTeX 2.9\tex\latex\mathtools\mathtoo
ls.sty"
Package: mathtools 2018/01/08 v1.21 mathematical typesetting tools

("C:\Users\Sergei\AppData\Local\Programs\MiKTeX 2.9\tex\latex\tools\calc.sty"
Package: calc 2017/05/25 v4.3 Infix arithmetic (KKT,FJ)
\calc@Acount=\count131
\calc@Bcount=\count132
\calc@Adimen=\dimen139
\calc@Bdimen=\dimen140
\calc@Askip=\skip77
\calc@Bskip=\skip78
LaTeX Info: Redefining \setlength on input line 80.
LaTeX Info: Redefining \addtolength on input line 81.
\calc@Ccount=\count133
\calc@Cskip=\skip79
)
("C:\Users\Sergei\AppData\Local\Programs\MiKTeX 2.9\tex\latex\mathtools\mhsetup
.sty"
Package: mhsetup 2017/03/31 v1.3 programming setup (MH)
)
LaTeX Info: Thecontrolsequence`\('isalreadyrobust on input line 129.
LaTeX Info: Thecontrolsequence`\)'isalreadyrobust on input line 129.
LaTeX Info: Thecontrolsequence`\['isalreadyrobust on input line 129.
LaTeX Info: Thecontrolsequence`\]'isalreadyrobust on input line 129.
\g_MT_multlinerow_int=\count134
\l_MT_multwidth_dim=\dimen141
\origjot=\skip80
\l_MT_shortvdotswithinadjustabove_dim=\dimen142
\l_MT_shortvdotswithinadjustbelow_dim=\dimen143
\l_MT_above_intertext_sep=\dimen144
\l_MT_below_intertext_sep=\dimen145
\l_MT_above_shortintertext_sep=\dimen146
\l_MT_below_shortintertext_sep=\dimen147
)

LaTeX Warning: Unused global option(s):
    [utf8].

(main-ru.aux)
\openout1 = `main-ru.aux'.

LaTeX Font Info:    Checking defaults for OML/cmm/m/it on input line 77.
LaTeX Font Info:    ... okay on input line 77.
LaTeX Font Info:    Checking defaults for T1/cmr/m/n on input line 77.
LaTeX Font Info:    ... okay on input line 77.
LaTeX Font Info:    Checking defaults for OT1/cmr/m/n on input line 77.
LaTeX Font Info:    ... okay on input line 77.
LaTeX Font Info:    Checking defaults for OMS/cmsy/m/n on input line 77.
LaTeX Font Info:    ... okay on input line 77.
LaTeX Font Info:    Checking defaults for OMX/cmex/m/n on input line 77.
LaTeX Font Info:    ... okay on input line 77.
LaTeX Font Info:    Checking defaults for U/cmr/m/n on input line 77.
LaTeX Font Info:    ... okay on input line 77.
LaTeX Font Info:    Checking defaults for T2A/cmr/m/n on input line 77.
LaTeX Font Info:    ... okay on input line 77.
LaTeX Font Info:    Checking defaults for PD1/pdf/m/n on input line 77.
LaTeX Font Info:    ... okay on input line 77.
LaTeX Font Info:    Checking defaults for PU/pdf/m/n on input line 77.
LaTeX Font Info:    ... okay on input line 77.
Package caption Info: Begin \AtBeginDocument code.
Package caption Info: End \AtBeginDocument code.
\AtBeginShipoutBox=\box79
Package hyperref Info: Link coloring ON on input line 77.
LaTeX Info: Redefining \ref on input line 77.
LaTeX Info: Redefining \pageref on input line 77.
LaTeX Info: Redefining \nameref on input line 77.
 (main-ru.out) (main-ru.out)
\@outlinefile=\write3
\openout3 = `main-ru.out'.


("C:\Users\Sergei\AppData\Local\Programs\MiKTeX 2.9\tex\context\base\supp-pdf.m
kii"
[Loading MPS to PDF converter (version 2006.09.02).]
\scratchcounter=\count135
\scratchdimen=\dimen148
\scratchbox=\box80
\nofMPsegments=\count136
\nofMParguments=\count137
\everyMPshowfont=\toks38
\MPscratchCnt=\count138
\MPscratchDim=\dimen149
\MPnumerator=\count139
\makeMPintoPDFobject=\count140
\everyMPtoPDFconversion=\toks39
)
("C:\Users\Sergei\AppData\Local\Programs\MiKTeX 2.9\tex\latex\oberdiek\epstopdf
-base.sty"
Package: epstopdf-base 2016/05/15 v2.6 Base part for package epstopdf

("C:\Users\Sergei\AppData\Local\Programs\MiKTeX 2.9\tex\latex\oberdiek\grfext.s
ty"
Package: grfext 2016/05/16 v1.2 Manage graphics extensions (HO)
)
Package epstopdf-base Info: Redefining graphics rule for `.eps' on input line 4
38.
Package grfext Info: Graphics extension search list:
(grfext)             [.pdf,.png,.jpg,.mps,.jpeg,.jbig2,.jb2,.PDF,.PNG,.JPG,.JPE
G,.JBIG2,.JB2,.eps]
(grfext)             \AppendGraphicsExtensions on input line 456.
) (main-ru.brf)
\tf@brf=\write4
\openout4 = `main-ru.brf'.



Package hyperref Warning: Ignoring empty anchor on input line 78.

LaTeX Font Info:    Try loading font information for T2A+cmss on input line 78.


("C:\Users\Sergei\AppData\Local\Programs\MiKTeX 2.9\tex\latex\cyrillic\t2acmss.
fd"
File: t2acmss.fd 2001/08/11 v1.0a Computer Modern Cyrillic font definitions
)

LaTeX Font Warning: Font shape `T2A/cmss/m/sc' in size <6> not available
(Font)              Font shape `T2A/cmr/m/sc' tried instead on input line 78.

LaTeX Font Info:    Try loading font information for OMS+cmss on input line 78.

LaTeX Font Info:    No file OMScmss.fd. on input line 78.

LaTeX Font Warning: Font shape `OMS/cmss/m/sc' undefined
(Font)              using `OMS/cmsy/m/n' instead on input line 78.


LaTeX Font Warning: Font shape `OMS/cmss/m/n' undefined
(Font)              using `OMS/cmsy/m/n' instead on input line 78.


Overfull \hbox (1.82588pt too wide) in paragraph at lines 78--78
 \T2A/cmr/m/n/8 оп-ти-ми-за-ци-ей, ис-поль-зу-е-мой для со-зда-ния вы-со-ко-эф-
фек-тив-но-го па-рал-лель- 
 []

[1{C:/Users/Sergei/AppData/Local/MiKTeX/2.9/pdftex/config/pdftex.map}]

Package amsrefs Warning: Use of \cites is recommended instead of \cite 
(amsrefs)                for multiple cites 'compiler_guide, intrinsic_guide' o
n input line 89.


Overfull \hbox (11.24342pt too wide) in paragraph at lines 89--94
\T2A/cmr/m/n/10 ций, схо-жие по струк-ту-ре. Функ-ции swizzle, shuffle, permute
 и permutevar
 []


Underfull \vbox (badness 1648) has occurred while \output is active []

 [2]
! Illegal unit of measure (pt inserted).
<to be read again> 
                   \let 
l.110 \begin{tabular}
                     {| c | c |}
Dimensions can be in units of em, ex, in, pt, pc,
cm, mm, dd, cc, nd, nc, bp, or sp; but yours is a new one!
I'll assume that you meant to say pt, for printer's points.
To recover gracefully from this error, it's best to
delete the erroneous units; e.g., type `2' to delete
two letters. (See Chapter 27 of The TeXbook.)


Overfull \hbox (27.33809pt too wide) in paragraph at lines 110--131
 [] 
 []

<pics/pic_shell_code.pdf, id=75, 627.09282pt x 527.72156pt>
File: pics/pic_shell_code.pdf Graphic file (type pdf)
<use pics/pic_shell_code.pdf>
Package pdftex.def Info: pics/pic_shell_code.pdf  used on input line 139.
(pdftex.def)             Requested size: 227.62204pt x 191.54982pt.
[3]
<pics/pic_decomposition.pdf, id=96, 572.1375pt x 423.83344pt>
File: pics/pic_decomposition.pdf Graphic file (type pdf)
<use pics/pic_decomposition.pdf>
Package pdftex.def Info: pics/pic_decomposition.pdf  used on input line 153.
(pdftex.def)             Requested size: 284.52756pt x 210.77797pt.
 [4 <./pics/pic_shell_code.pdf>]
<pics/pic_shell_cfg.pdf, id=115, 672.26157pt x 335.75438pt>
File: pics/pic_shell_cfg.pdf Graphic file (type pdf)
<use pics/pic_shell_cfg.pdf>
Package pdftex.def Info: pics/pic_shell_cfg.pdf  used on input line 167.
(pdftex.def)             Requested size: 284.52756pt x 142.10199pt.

Overfull \hbox (2.24115pt too wide) in paragraph at lines 172--180
[]\T2A/cmr/m/n/10 Функция shell_sort_k_i_w, по-явив-ша-я-ся по-сле де-ком-по-зи
-ции ал-
 []

[5 <./pics/pic_decomposition.pdf>]
<pics/pic_shell_code_vect.pdf, id=142, 783.67781pt x 527.72156pt>
File: pics/pic_shell_code_vect.pdf Graphic file (type pdf)
<use pics/pic_shell_code_vect.pdf>
Package pdftex.def Info: pics/pic_shell_code_vect.pdf  used on input line 182.
(pdftex.def)             Requested size: 284.52756pt x 191.59814pt.
 [6 <./pics/pic_shell_cfg.pdf>] [7 <./pics/pic_shell_code_vect.pdf>] [8] [9]
<pics/experimental_eff.pdf, id=219, 1387.58403pt x 711.13678pt>
File: pics/experimental_eff.pdf Graphic file (type pdf)
<use pics/experimental_eff.pdf>
Package pdftex.def Info: pics/experimental_eff.pdf  used on input line 254.
(pdftex.def)             Requested size: 284.52756pt x 145.81653pt.
<pics/theoretical_eff.pdf, id=220, 1387.58403pt x 711.13678pt>
File: pics/theoretical_eff.pdf Graphic file (type pdf)
<use pics/theoretical_eff.pdf>
Package pdftex.def Info: pics/theoretical_eff.pdf  used on input line 260.
(pdftex.def)             Requested size: 284.52756pt x 145.81653pt.
<pics/pic_shell_k_4.pdf, id=221, 462.52798pt x 346.89601pt>
File: pics/pic_shell_k_4.pdf Graphic file (type pdf)
<use pics/pic_shell_k_4.pdf>
Package pdftex.def Info: pics/pic_shell_k_4.pdf  used on input line 266.
(pdftex.def)             Requested size: 227.62169pt x 170.71628pt.
<pics/pic_shell_k_15.pdf, id=222, 462.52798pt x 346.89601pt>
File: pics/pic_shell_k_15.pdf Graphic file (type pdf)
<use pics/pic_shell_k_15.pdf>
Package pdftex.def Info: pics/pic_shell_k_15.pdf  used on input line 272.
(pdftex.def)             Requested size: 227.62169pt x 170.71628pt.
<pics/pic_hibbard_k_3.pdf, id=223, 462.52798pt x 346.89601pt>
File: pics/pic_hibbard_k_3.pdf Graphic file (type pdf)
<use pics/pic_hibbard_k_3.pdf>
Package pdftex.def Info: pics/pic_hibbard_k_3.pdf  used on input line 278.
(pdftex.def)             Requested size: 227.62169pt x 170.71628pt.
<pics/pic_hibbard_k_15.pdf, id=224, 462.52798pt x 346.89601pt>
File: pics/pic_hibbard_k_15.pdf Graphic file (type pdf)
<use pics/pic_hibbard_k_15.pdf>
Package pdftex.def Info: pics/pic_hibbard_k_15.pdf  used on input line 284.
(pdftex.def)             Requested size: 227.62169pt x 170.71628pt.

Underfull \vbox (badness 2088) has occurred while \output is active []

 [10 <./pics/experimental_eff.pdf> <./pics/theoretical_eff.pdf

pdfTeX warning: pdflatex (file ./pics/theoretical_eff.pdf): PDF inclusion: mult
iple pdfs with page group included in a single page
>] [11 <./pics/pic_shell_k_4.pdf> <./pics/pic_shell_k_15.pdf

pdfTeX warning: pdflatex (file ./pics/pic_shell_k_15.pdf): PDF inclusion: multi
ple pdfs with page group included in a single page
>] [12 <./pics/pic_hibbard_k_3.pdf> <./pics/pic_hibbard_k_15.pdf

pdfTeX warning: pdflatex (file ./pics/pic_hibbard_k_15.pdf): PDF inclusion: mul
tiple pdfs with page group included in a single page
>] (main-ru.brf)
\openout4 = `main-ru.brf'.


Overfull \hbox (1.77013pt too wide) in paragraph at lines 306--310
 []\T2A/cmr/m/n/9 Jeffers J., Reinders J., Sodani A. Intel Xeon Phi processor h
igh performance 
 []


Overfull \hbox (2.34206pt too wide) in paragraph at lines 310--314
 \T2A/cmr/m/n/9 2015. URL: https://software.intel.com/en-us/articles/intel-c-co
mpiler-160- 
 []


Overfull \hbox (1.20065pt too wide) in paragraph at lines 314--319
 []\T2A/cmr/m/n/9 Intel Intrinsics Guide. URL: https://software.intel.com/sites
/landingpage/ 
 []


Overfull \hbox (2.95976pt too wide) in paragraph at lines 335--339
 []\T2A/cmr/m/n/9 A033622, по-сле-до-ва-тель-ность Седж-ви-ка. URL: https://oei
s.org/A033622 
 []

[13]
<pics/Rybakov_photo.png, id=467, 134.5025pt x 180.675pt>
File: pics/Rybakov_photo.png Graphic file (type png)
<use pics/Rybakov_photo.png>
Package pdftex.def Info: pics/Rybakov_photo.png  used on input line 340.
(pdftex.def)             Requested size: 71.13188pt x 95.55052pt.
LaTeX Font Info:    Try loading font information for T2A+cmtt on input line 340
.

("C:\Users\Sergei\AppData\Local\Programs\MiKTeX 2.9\tex\latex\cyrillic\t2acmtt.
fd"
File: t2acmtt.fd 2001/08/11 v1.0a Computer Modern Cyrillic font definitions
)
<pics/Shumilin_photo.png, id=470, 283.0575pt x 360.34625pt>
File: pics/Shumilin_photo.png Graphic file (type png)
<use pics/Shumilin_photo.png>
Package pdftex.def Info: pics/Shumilin_photo.png  used on input line 340.
(pdftex.def)             Requested size: 71.13188pt x 90.5537pt.

Overfull \hbox (4.53723pt too wide) in paragraph at lines 340--340
\T2A/cmr/m/n/9 Шумилин Сер-гей Сер-ге-е-вич, стар-ший ин-же-нер МСЦ РАН
 []

[14 <./pics/Rybakov_photo.png (PNG copy)> <./pics/Shumilin_photo.png (PNG copy)
>]

Package hyperref Warning: Ignoring empty anchor on input line 340.

LaTeX Font Info:    Try loading font information for T1+cmss on input line 340.

("C:\Users\Sergei\AppData\Local\Programs\MiKTeX 2.9\tex\latex\base\t1cmss.fd"
File: t1cmss.fd 2014/09/29 v2.5h Standard LaTeX font definitions
)

LaTeX Font Warning: Font shape `T1/cmss/m/sc' in size <6> not available
(Font)              Font shape `T1/cmr/m/sc' tried instead on input line 340.

[15]
Package atveryend Info: Empty hook `BeforeClearDocument' on input line 340.
Package atveryend Info: Empty hook `AfterLastShipout' on input line 340.
 (main-ru.aux)
Package atveryend Info: Executing hook `AtVeryEndDocument' on input line 340.
Package atveryend Info: Executing hook `AtEndAfterFileList' on input line 340.
Package rerunfilecheck Info: File `main-ru.out' has not changed.
(rerunfilecheck)             Checksum: 073CD63E7B4F71F2C0E8CA28391B6B72;1803.


Package rerunfilecheck Warning: File `main-ru.brf' has changed.
(rerunfilecheck)                Rerun to get bibliographical references right.

Package rerunfilecheck Info: Checksums for `main-ru.brf':
(rerunfilecheck)             Before: D41D8CD98F00B204E9800998ECF8427E;0
(rerunfilecheck)             After:  81C803CFB638EA2F1526441C572D8373;429.

LaTeX Font Warning: Some font shapes were not available, defaults substituted.

 ) 
Here is how much of TeX's memory you used:
 16218 strings out of 492973
 229847 string characters out of 3126249
 358481 words of memory out of 3000000
 19621 multiletter control sequences out of 15000+200000
 40929 words of font info for 80 fonts, out of 3000000 for 9000
 1302 hyphenation exceptions out of 8191
 45i,17n,40p,7396b,554s stack positions out of 5000i,500n,10000p,200000b,50000s
 <C:\Users\Sergei\AppData\Local\MiKTeX\2.9\fonts\pk\ljfour\jknappen\ec\dpi600
\eccc0600.pk> <C:\Users\Sergei\AppData\Local\MiKTeX\2.9\fonts\pk\ljfour\jknappe
n\ec\dpi600\ecss0600.pk> <C:\Users\Sergei\AppData\Local\MiKTeX\2.9\fonts\pk\ljf
our\jknappen\ec\dpi600\ecti0900.pk> <C:\Users\Sergei\AppData\Local\MiKTeX\2.9\f
onts\pk\ljfour\jknappen\ec\dpi600\ecti1000.pk> <C:\Users\Sergei\AppData\Local\M
iKTeX\2.9\fonts\pk\ljfour\jknappen\ec\dpi600\ecss0800.pk> <C:\Users\Sergei\AppD
ata\Local\MiKTeX\2.9\fonts\pk\ljfour\jknappen\ec\dpi600\ecrm0900.pk> <C:\Users\
Sergei\AppData\Local\MiKTeX\2.9\fonts\pk\ljfour\jknappen\ec\dpi600\ecti0700.pk>
 <C:\Users\Sergei\AppData\Local\MiKTeX\2.9\fonts\pk\ljfour\jknappen\ec\dpi600\e
ccc0800.pk> <C:\Users\Sergei\AppData\Local\MiKTeX\2.9\fonts\pk\ljfour\jknappen\
ec\dpi600\ecti0800.pk> <C:\Users\Sergei\AppData\Local\MiKTeX\2.9\fonts\pk\ljfou
r\jknappen\ec\dpi600\ecrm0800.pk> <C:\Users\Sergei\AppData\Local\MiKTeX\2.9\fon
ts\pk\ljfour\jknappen\ec\dpi600\ecrm0600.pk> <C:\Users\Sergei\AppData\Local\MiK
TeX\2.9\fonts\pk\ljfour\jknappen\ec\dpi600\ecrm0700.pk> <C:\Users\Sergei\AppDat
a\Local\MiKTeX\2.9\fonts\pk\ljfour\lh\lh-t2a\dpi600\lasx0700.pk> <C:\Users\Serg
ei\AppData\Local\MiKTeX\2.9\fonts\pk\ljfour\lh\lh-t2a\dpi525\latt0800.pk> <C:\U
sers\Sergei\AppData\Local\MiKTeX\2.9\fonts\pk\ljfour\lh\lh-t2a\dpi600\labx0900.
pk> <C:\Users\Sergei\AppData\Local\MiKTeX\2.9\fonts\pk\ljfour\lh\lh-t2a\dpi600\
lati0900.pk> <C:\Users\Sergei\AppData\Local\MiKTeX\2.9\fonts\pk\ljfour\lh\lh-t2
a\dpi600\lati1000.pk> <C:\Users\Sergei\AppData\Local\MiKTeX\2.9\fonts\pk\ljfour
\lh\lh-t2a\dpi600\larm0900.pk> <C:\Users\Sergei\AppData\Local\MiKTeX\2.9\fonts\
pk\ljfour\lh\lh-t2a\dpi600\lacc0900.pk> <C:\Users\Sergei\AppData\Local\MiKTeX\2
.9\fonts\pk\ljfour\lh\lh-t2a\dpi600\lacc0600.pk> <C:\Users\Sergei\AppData\Local
\MiKTeX\2.9\fonts\pk\ljfour\lh\lh-t2a\dpi600\lass0600.pk> <C:\Users\Sergei\AppD
ata\Local\MiKTeX\2.9\fonts\pk\ljfour\lh\lh-t2a\dpi600\larm0700.pk> <C:\Users\Se
rgei\AppData\Local\MiKTeX\2.9\fonts\pk\ljfour\lh\lh-t2a\dpi600\labx1000.pk> <C:
\Users\Sergei\AppData\Local\MiKTeX\2.9\fonts\pk\ljfour\lh\lh-t2a\dpi600\larm100
0.pk> <C:\Users\Sergei\AppData\Local\MiKTeX\2.9\fonts\pk\ljfour\lh\lh-t2a\dpi60
0\lasx1000.pk> <C:\Users\Sergei\AppData\Local\MiKTeX\2.9\fonts\pk\ljfour\lh\lh-
t2a\dpi600\lass0700.pk> <C:\Users\Sergei\AppData\Local\MiKTeX\2.9\fonts\pk\ljfo
ur\lh\lh-t2a\dpi600\lati0800.pk> <C:\Users\Sergei\AppData\Local\MiKTeX\2.9\font
s\pk\ljfour\lh\lh-t2a\dpi600\larm0800.pk> <C:\Users\Sergei\AppData\Local\MiKTeX
\2.9\fonts\pk\ljfour\lh\lh-t2a\dpi600\lacc0800.pk> <C:\Users\Sergei\AppData\Loc
al\MiKTeX\2.9\fonts\pk\ljfour\lh\lh-t2a\dpi600\labx1200.pk> <C:\Users\Sergei\Ap
pData\Local\MiKTeX\2.9\fonts\pk\ljfour\lh\lh-t2a\dpi600\larm1095.pk> <C:\Users\
Sergei\AppData\Local\MiKTeX\2.9\fonts\pk\ljfour\lh\lh-t2a\dpi600\larm0600.pk> <
C:\Users\Sergei\AppData\Local\MiKTeX\2.9\fonts\pk\ljfour\lh\lh-t2a\dpi360\larm1
000.pk><C:/Users/Sergei/AppData/Local/Programs/MiKTeX 2.9/fonts/type1/public/am
sfonts/cm/cmex10.pfb><C:/Users/Sergei/AppData/Local/Programs/MiKTeX 2.9/fonts/t
ype1/public/amsfonts/cm/cmmi10.pfb><C:/Users/Sergei/AppData/Local/Programs/MiKT
eX 2.9/fonts/type1/public/amsfonts/cm/cmmi5.pfb><C:/Users/Sergei/AppData/Local/
Programs/MiKTeX 2.9/fonts/type1/public/amsfonts/cm/cmmi7.pfb><C:/Users/Sergei/A
ppData/Local/Programs/MiKTeX 2.9/fonts/type1/public/amsfonts/cm/cmmi9.pfb><C:/U
sers/Sergei/AppData/Local/Programs/MiKTeX 2.9/fonts/type1/public/amsfonts/cm/cm
r10.pfb><C:/Users/Sergei/AppData/Local/Programs/MiKTeX 2.9/fonts/type1/public/a
msfonts/cm/cmr5.pfb><C:/Users/Sergei/AppData/Local/Programs/MiKTeX 2.9/fonts/ty
pe1/public/amsfonts/cm/cmr7.pfb><C:/Users/Sergei/AppData/Local/Programs/MiKTeX 
2.9/fonts/type1/public/amsfonts/cm/cmr9.pfb><C:/Users/Sergei/AppData/Local/Prog
rams/MiKTeX 2.9/fonts/type1/public/amsfonts/cm/cmsy10.pfb><C:/Users/Sergei/AppD
ata/Local/Programs/MiKTeX 2.9/fonts/type1/public/amsfonts/cm/cmsy5.pfb><C:/User
s/Sergei/AppData/Local/Programs/MiKTeX 2.9/fonts/type1/public/amsfonts/cm/cmsy6
.pfb><C:/Users/Sergei/AppData/Local/Programs/MiKTeX 2.9/fonts/type1/public/amsf
onts/cm/cmsy7.pfb><C:/Users/Sergei/AppData/Local/Programs/MiKTeX 2.9/fonts/type
1/public/amsfonts/cm/cmsy9.pfb><C:/Users/Sergei/AppData/Local/Programs/MiKTeX 2
.9/fonts/type1/public/amsfonts/symbols/msbm10.pfb>
Output written on main-ru.pdf (15 pages, 1190148 bytes).
PDF statistics:
 1567 PDF objects out of 1728 (max. 8388607)
 49 named destinations out of 1000 (max. 500000)
 117 words of extra memory for PDF output out of 10000 (max. 10000000)

